TN:
SF:src/converter.ts
FN:2,anonymous_0
FN:6,__name
FN:9,__export
FN:11,__copyProps
FN:16,get
FN:23,__toCommonJS
FN:25,Converter
FN:32,<static_initializer>
FN:44,convertForFile
FN:48,convertForContent
FN:57,parse
FN:58,anonymous_11
FN:59,anonymous_12
FN:60,anonymous_13
FN:65,process
FN:70,anonymous_15
FN:73,anonymous_16
FN:78,isValidLine
FN:80,unescape
FN:82,anonymous_19
FN:87,read
FN:94,save
FN:108,format
FN:117,toTypeScript
FN:124,toJavaScript
FN:130,toJSON
FNDA:1,anonymous_0
FNDA:11,__name
FNDA:1,__export
FNDA:1,__copyProps
FNDA:22,get
FNDA:1,__toCommonJS
FNDA:22,Converter
FNDA:1,<static_initializer>
FNDA:2,convertForFile
FNDA:4,convertForContent
FNDA:10,parse
FNDA:18,anonymous_11
FNDA:18,anonymous_12
FNDA:12,anonymous_13
FNDA:10,process
FNDA:6,anonymous_15
FNDA:12,anonymous_16
FNDA:18,isValidLine
FNDA:24,unescape
FNDA:1,anonymous_19
FNDA:3,read
FNDA:4,save
FNDA:8,format
FNDA:1,toTypeScript
FNDA:1,toJavaScript
FNDA:5,toJSON
FNF:26
FNH:26
BRDA:1,0,0,1
BRDA:2,1,0,1
BRDA:135,2,0,0
BRDA:6,3,0,11
BRDA:9,4,0,1
BRDA:11,5,0,1
BRDA:12,6,0,0
BRDA:16,7,0,22
BRDA:23,8,0,1
BRDA:25,9,0,22
BRDA:32,10,0,1
BRDA:44,11,0,2
BRDA:48,12,0,4
BRDA:57,13,0,10
BRDA:58,14,0,18
BRDA:59,15,0,18
BRDA:60,16,0,12
BRDA:60,17,0,1
BRDA:60,18,0,11
BRDA:65,19,0,10
BRDA:66,20,0,3
BRDA:71,21,0,7
BRDA:70,22,0,6
BRDA:71,23,0,2
BRDA:71,24,0,4
BRDA:71,25,0,2
BRDA:73,26,0,12
BRDA:74,27,0,2
BRDA:74,28,0,10
BRDA:75,29,0,2
BRDA:75,30,0,8
BRDA:78,31,0,18
BRDA:78,32,0,14
BRDA:80,33,0,13
BRDA:80,34,0,24
BRDA:82,35,0,1
BRDA:87,36,0,3
BRDA:92,37,0,2
BRDA:94,38,0,4
BRDA:97,39,0,3
BRDA:98,40,0,1
BRDA:99,41,0,2
BRDA:108,42,0,8
BRDA:110,43,0,1
BRDA:112,44,0,5
BRDA:116,45,0,1
BRDA:117,46,0,1
BRDA:124,47,0,1
BRDA:130,48,0,5
BRF:49
BRH:47
DA:1,1
DA:2,1
DA:3,1
DA:4,1
DA:5,1
DA:6,1
DA:7,11
DA:8,11
DA:9,1
DA:10,1
DA:11,1
DA:12,1
DA:13,1
DA:14,1
DA:15,1
DA:16,1
DA:17,1
DA:18,1
DA:19,1
DA:20,1
DA:21,1
DA:22,1
DA:23,1
DA:24,1
DA:25,1
DA:26,1
DA:27,1
DA:28,1
DA:29,1
DA:30,1
DA:31,1
DA:32,1
DA:33,1
DA:34,1
DA:35,1
DA:36,1
DA:37,1
DA:38,1
DA:39,1
DA:40,1
DA:41,1
DA:42,1
DA:43,1
DA:44,1
DA:45,2
DA:46,2
DA:47,2
DA:48,1
DA:49,4
DA:50,4
DA:51,4
DA:52,4
DA:53,4
DA:54,4
DA:55,4
DA:56,4
DA:57,1
DA:58,10
DA:59,10
DA:60,10
DA:61,11
DA:62,10
DA:63,1
DA:64,1
DA:65,1
DA:66,10
DA:67,3
DA:68,3
DA:69,3
DA:70,3
DA:71,10
DA:72,7
DA:73,7
DA:74,12
DA:75,7
DA:76,10
DA:77,1
DA:78,1
DA:79,14
DA:80,1
DA:81,24
DA:82,24
DA:83,24
DA:84,24
DA:85,24
DA:86,24
DA:87,1
DA:88,3
DA:89,3
DA:90,3
DA:91,3
DA:92,3
DA:93,2
DA:94,1
DA:95,4
DA:96,4
DA:97,4
DA:98,4
DA:99,4
DA:100,2
DA:101,2
DA:102,2
DA:103,2
DA:104,2
DA:105,2
DA:106,2
DA:107,2
DA:108,1
DA:109,8
DA:110,8
DA:111,1
DA:112,8
DA:113,5
DA:114,5
DA:115,5
DA:116,8
DA:117,1
DA:118,1
DA:119,1
DA:120,1
DA:121,1
DA:122,1
DA:123,1
DA:124,1
DA:125,1
DA:126,1
DA:127,1
DA:128,1
DA:129,1
DA:130,1
DA:131,5
DA:132,5
DA:133,5
DA:134,5
DA:135,1
DA:136,1
DA:137,1
DA:138,1
DA:139,1
LH:139
LF:139
end_of_record
