TN:
SF:dist/converter.js
FN:10,<static_initializer>
FN:22,convert
FN:28,parse
FN:33,anonymous_3
FN:34,anonymous_4
FN:35,anonymous_5
FN:45,process
FN:48,transformKey
FN:50,transformKey
FN:52,isValidLine
FN:55,unescape
FN:57,anonymous_11
FN:63,read
FN:72,save
FN:95,toTypeScript
FN:103,toJavaScript
FN:111,toJSON
FNDA:1,<static_initializer>
FNDA:0,convert
FNDA:1,parse
FNDA:2,anonymous_3
FNDA:2,anonymous_4
FNDA:2,anonymous_5
FNDA:2,process
FNDA:2,transformKey
FNDA:4,transformKey
FNDA:2,isValidLine
FNDA:5,unescape
FNDA:1,anonymous_11
FNDA:0,read
FNDA:2,save
FNDA:0,toTypeScript
FNDA:0,toJavaScript
FNDA:1,toJSON
FNF:17
FNH:13
BRDA:1,0,0,1
BRDA:10,1,0,1
BRDA:28,2,0,1
BRDA:33,3,0,2
BRDA:34,4,0,2
BRDA:35,5,0,2
BRDA:38,6,0,0
BRDA:45,7,0,2
BRDA:47,8,0,1
BRDA:48,9,0,2
BRDA:48,10,0,0
BRDA:50,11,0,4
BRDA:50,12,0,0
BRDA:50,13,0,0
BRDA:52,14,0,2
BRDA:55,15,0,5
BRDA:57,16,0,1
BRDA:72,17,0,2
BRDA:77,18,0,0
BRDA:80,19,0,0
BRDA:83,20,0,1
BRDA:86,21,0,1
BRDA:88,22,0,1
BRDA:111,23,0,1
BRF:24
BRH:18
DA:1,1
DA:2,1
DA:3,1
DA:4,1
DA:5,1
DA:6,1
DA:7,1
DA:8,1
DA:9,1
DA:10,1
DA:11,1
DA:12,1
DA:13,1
DA:14,1
DA:15,1
DA:16,1
DA:17,1
DA:18,1
DA:19,1
DA:20,1
DA:21,1
DA:22,1
DA:23,0
DA:24,0
DA:25,0
DA:26,0
DA:27,0
DA:28,1
DA:29,1
DA:30,1
DA:31,1
DA:32,1
DA:33,1
DA:34,1
DA:35,1
DA:36,2
DA:37,2
DA:38,2
DA:39,2
DA:40,2
DA:41,2
DA:42,1
DA:43,1
DA:44,1
DA:45,1
DA:46,2
DA:47,2
DA:48,1
DA:49,1
DA:50,1
DA:51,2
DA:52,1
DA:53,2
DA:54,2
DA:55,1
DA:56,5
DA:57,5
DA:58,5
DA:59,5
DA:60,5
DA:61,5
DA:62,5
DA:63,1
DA:64,0
DA:65,0
DA:66,0
DA:67,0
DA:68,0
DA:69,0
DA:70,0
DA:71,0
DA:72,1
DA:73,2
DA:74,2
DA:75,2
DA:76,2
DA:77,2
DA:78,0
DA:79,0
DA:80,2
DA:81,0
DA:82,0
DA:83,2
DA:84,1
DA:85,1
DA:86,2
DA:87,1
DA:88,2
DA:89,1
DA:90,1
DA:91,1
DA:92,1
DA:93,1
DA:94,2
DA:95,1
DA:96,0
DA:97,0
DA:98,0
DA:99,0
DA:100,0
DA:101,0
DA:102,0
DA:103,1
DA:104,0
DA:105,0
DA:106,0
DA:107,0
DA:108,0
DA:109,0
DA:110,0
DA:111,1
DA:112,1
DA:113,1
DA:114,1
DA:115,1
DA:116,1
DA:117,1
DA:118,1
DA:119,1
DA:120,1
LH:89
LF:120
end_of_record
SF:src/converter.ts
FN:3,anonymous_0
FN:8,__name
FN:10,__export
FN:11,__copyProps
FN:18,get
FN:23,__toCommonJS
FN:26,Converter
FN:37,<static_initializer>
FN:46,convert
FN:54,parse
FN:55,anonymous_10
FN:55,anonymous_11
FN:56,anonymous_12
FN:61,process
FN:67,anonymous_14
FN:73,anonymous_15
FN:76,isValidLine
FN:78,unescape
FN:82,anonymous_18
FN:86,read
FN:96,save
FN:111,toTypeScript
FN:118,toJavaScript
FN:127,toJSON
FNDA:1,anonymous_0
FNDA:3,__name
FNDA:1,__export
FNDA:1,__copyProps
FNDA:6,get
FNDA:1,__toCommonJS
FNDA:6,Converter
FNDA:1,<static_initializer>
FNDA:0,convert
FNDA:1,parse
FNDA:2,anonymous_10
FNDA:2,anonymous_11
FNDA:2,anonymous_12
FNDA:2,process
FNDA:2,anonymous_14
FNDA:4,anonymous_15
FNDA:2,isValidLine
FNDA:5,unescape
FNDA:1,anonymous_18
FNDA:0,read
FNDA:2,save
FNDA:0,toTypeScript
FNDA:0,toJavaScript
FNDA:1,toJSON
FNF:24
FNH:20
BRDA:1,0,0,1
BRDA:3,1,0,1
BRDA:undefined,2,0,0
BRDA:8,3,0,3
BRDA:10,4,0,1
BRDA:11,5,0,1
BRDA:12,6,0,0
BRDA:18,7,0,6
BRDA:23,8,0,1
BRDA:26,9,0,6
BRDA:37,10,0,1
BRDA:54,11,0,1
BRDA:55,12,0,2
BRDA:55,13,0,2
BRDA:56,14,0,2
BRDA:57,15,0,0
BRDA:61,16,0,2
BRDA:66,17,0,1
BRDA:67,18,0,2
BRDA:68,19,0,0
BRDA:73,20,0,4
BRDA:73,21,0,0
BRDA:75,22,0,0
BRDA:76,23,0,2
BRDA:78,24,0,5
BRDA:82,25,0,1
BRDA:96,26,0,2
BRDA:101,27,0,0
BRDA:103,28,0,1
BRDA:107,29,0,1
BRDA:127,30,0,1
BRF:31
BRH:25
DA:1,1
DA:2,1
DA:3,1
DA:4,1
DA:5,1
DA:6,1
DA:7,1
DA:8,1
DA:9,1
DA:10,1
DA:11,1
DA:12,1
DA:13,0
DA:14,1
DA:15,1
DA:16,1
DA:17,1
DA:18,1
DA:19,1
DA:20,1
DA:21,1
DA:22,1
DA:23,1
DA:24,1
DA:25,1
DA:26,1
DA:27,1
DA:28,1
DA:29,1
DA:30,1
DA:31,1
DA:32,1
DA:33,1
DA:34,1
DA:35,1
DA:36,1
DA:37,1
DA:38,1
DA:39,1
DA:40,1
DA:41,1
DA:42,1
DA:43,1
DA:44,1
DA:45,1
DA:46,1
DA:47,0
DA:48,0
DA:49,0
DA:50,0
DA:51,0
DA:52,1
DA:53,1
DA:54,1
DA:55,1
DA:56,1
DA:57,2
DA:58,2
DA:59,2
DA:60,2
DA:61,1
DA:62,2
DA:63,2
DA:64,2
DA:65,2
DA:66,2
DA:67,1
DA:68,2
DA:69,1
DA:70,1
DA:71,1
DA:72,1
DA:73,1
DA:74,0
DA:75,1
DA:76,1
DA:77,2
DA:78,1
DA:79,5
DA:80,5
DA:81,5
DA:82,5
DA:83,5
DA:84,5
DA:85,5
DA:86,1
DA:87,0
DA:88,0
DA:89,0
DA:90,0
DA:91,0
DA:92,0
DA:93,0
DA:94,0
DA:95,0
DA:96,1
DA:97,2
DA:98,2
DA:99,2
DA:100,2
DA:101,2
DA:102,0
DA:103,2
DA:104,1
DA:105,1
DA:106,1
DA:107,2
DA:108,1
DA:109,1
DA:110,1
DA:111,1
DA:112,0
DA:113,0
DA:114,0
DA:115,0
DA:116,0
DA:117,0
DA:118,1
DA:119,0
DA:120,0
DA:121,0
DA:122,0
DA:123,0
DA:124,0
DA:125,0
DA:126,0
DA:127,1
DA:128,1
DA:129,1
DA:130,1
DA:131,1
DA:132,1
DA:133,1
LH:102
LF:133
end_of_record
